<?xml version="1.0" encoding="UTF-8"?>
<!-- Generated by org.testng.reporters.JUnitXMLReporter -->
<testsuite ignored="2" hostname="MX-IT02061" failures="0" tests="2" name="My first test" time="0.04" errors="0" timestamp="2021-07-18T21:00:04 CDT">
  <testcase classname="testRunnerFrameworks.AnnotationTests" name="testConcact" time="0.006"/>
  <testcase classname="testRunnerFrameworks.AnnotationTests" name="testCount2" time="0.001"/>
  <testcase classname="testRunnerFrameworks.AnnotationTests" name="testCount" time="0.0">
    <ignored/>
  </testcase> <!-- testCount -->
  <testcase classname="testRunnerFrameworks.AnnotationTests" name="testConcact2" time="0.0">
    <ignored/>
  </testcase> <!-- testConcact2 -->
</testsuite> <!-- My first test -->
