<?xml version="1.0" encoding="UTF-8"?>
<testng-results ignored="0" total="1" passed="1" failed="0" skipped="0">
  <reporter-output>
  </reporter-output>
  <suite started-at="2021-07-18T23:17:58 CDT" name="My test suite" finished-at="2021-07-18T23:17:58 CDT" duration-ms="34">
    <groups>
    </groups>
    <test started-at="2021-07-18T23:17:58 CDT" name="My Second test" finished-at="2021-07-18T23:17:58 CDT" duration-ms="34">
      <class name="testRunnerFrameworks.Concat">
        <test-method signature="testConcact(java.lang.String, java.lang.String)[pri:0, instance:testRunnerFrameworks.Concat@4278a03f]" started-at="2021-07-18T23:17:58 CDT" name="testConcact" finished-at="2021-07-18T23:17:58 CDT" duration-ms="7" status="PASS">
          <params>
            <param index="0">
              <value>
                <![CDATA[I love ]]>
              </value>
            </param>
            <param index="1">
              <value>
                <![CDATA[test automation]]>
              </value>
            </param>
          </params>
          <reporter-output>
          </reporter-output>
        </test-method> <!-- testConcact -->
      </class> <!-- testRunnerFrameworks.Concat -->
    </test> <!-- My Second test -->
  </suite> <!-- My test suite -->
</testng-results>
