<?xml version="1.0" encoding="UTF-8"?>
<!-- Generated by org.testng.reporters.JUnitXMLReporter -->
<testsuite ignored="0" hostname="MX-IT02061" failures="0" tests="16" name="Parallel Tests" time="74.249" errors="0" timestamp="2021-11-11T14:30:16 CST">
  <testcase classname="com.hiran.training.Test3" name="facebook" time="22.261"/>
  <testcase classname="com.hiran.training.Test2" name="facebook" time="23.3"/>
  <testcase classname="com.hiran.training.Test4" name="facebook" time="23.591"/>
  <testcase classname="com.hiran.training.Test1" name="facebook" time="23.591"/>
  <testcase classname="com.hiran.training.Test3" name="google" time="15.002"/>
  <testcase classname="com.hiran.training.Test2" name="google" time="15.837"/>
  <testcase classname="com.hiran.training.Test4" name="google" time="15.653"/>
  <testcase classname="com.hiran.training.Test1" name="google" time="16.195"/>
  <testcase classname="com.hiran.training.Test3" name="hotmail" time="17.154"/>
  <testcase classname="com.hiran.training.Test1" name="hotmail" time="15.91"/>
  <testcase classname="com.hiran.training.Test2" name="hotmail" time="16.852"/>
  <testcase classname="com.hiran.training.Test4" name="hotmail" time="16.966"/>
  <testcase classname="com.hiran.training.Test1" name="twitter" time="15.097"/>
  <testcase classname="com.hiran.training.Test3" name="twitter" time="18.963"/>
  <testcase classname="com.hiran.training.Test4" name="twitter" time="17.791"/>
  <testcase classname="com.hiran.training.Test2" name="twitter" time="18.162"/>
</testsuite> <!-- Parallel Tests -->
